********************************************************************************
DUPLICATOR-LITE PACKAGE-LOG: March 1, 2019 5:49 pm
NOTICE: Do NOT post to public sites or forums 
********************************************************************************
VERSION:	1.3.8
WORDPRESS:	5.0.3
PHP INFO:	5.6.30 | SAPI: cgi-fcgi
SERVER:		Apache 
PHP TIME LIMIT: (0) no time limit imposed 
PHP MAX MEMORY: 4294967296 (256M default) 
MEMORY STACK: 79MB 

********************************************************************************
DATABASE:
********************************************************************************
BUILD MODE:   MYSQLDUMP
MYSQLTIMEOUT: 5000
MYSQLDUMP:    Is Supported 
SQL CREATED: 20190301_caldonbiotech_4c7117eda35533035939_20190301174908_database.sql 
SQL FILE SIZE: 4.65MB (4876365) 
SQL FILE TIME: 2019-03-01 17:49:37 
SQL RUNTIME: 0.74 sec. 

******************************************************************************** 
ARCHIVE (ZIP): 
******************************************************************************** 
ARCHIVE DIR:  /home3/cbt/public_html 
ARCHIVE FILE: 20190301_caldonbiotech_4c7117eda35533035939_20190301174908_archive.zip 
FILTERS: *OFF* 
DIRS:
	not set 
FILES:
	not set 
EXTS:  not set 
---------------------------------------- 
COMPRESSING 
SIZE:	226.69MB 
STATS:	Dirs 1,450 | Files 11,140 
SQL ADDED: 20190301_caldonbiotech_4c7117eda35533035939_20190301174908_database.sql 
ZipArchive Object
(
    [status] => 0
    [statusSys] => 0
    [numFiles] => 12590
    [filename] => /home3/cbt/public_html/wp-snapshots/tmp/20190301_caldonbiotech_4c7117eda35533035939_20190301174908_archive.zip
    [comment] => 
)
 
FILE ADDED TO ZIP: 12589 
COMPRESSION RESULT: '1' 
COMPRESSED SIZE: 114.39MB 
ARCHIVE RUNTIME: 50.05 sec. 
MEMORY STACK: 83.25MB 
building installer 
add_extra_files1 
add_extra_files2 
add_extra_files3 
add_extra_files4 
Doing archive file check 
add_extra_files5 
add_extra_files6 
add_extra_files8 
Successfully opened zip /home3/cbt/public_html/wp-snapshots/tmp/20190301_caldonbiotech_4c7117eda35533035939_20190301174908_archive.zip 
Adding enhanced installer files to archive using ZipArchive 
Installer files added to archive 
Added to archive 
After ziparchive close when adding installer 

******************************************************************************** 
INTEGRITY CHECKS: 
******************************************************************************** 
SQL FILE: 4.65MB 
INSTALLER FILE: 44.54KB 
ARCHIVE FILE: 115.29MB  
EXPECTED FILE/DIRECTORY COUNT: 12,590 
ACTUAL FILE/DIRECTORY COUNT: 12,589 
ARCHIVE CONSISTENCY TEST: Pass 

********************************************************************************
RECORD ID:[1]
TOTAL PROCESS RUNTIME: 53.18 sec.
PEAK PHP MEMORY USED: 89MB
DONE PROCESSING => 20190301_caldonbiotech March 1, 2019 5:50 pm
 
