2019-06-24T12:30:23-05:00 ERR: HORDE [imp] Error running command: /usr/local/cpanel/3rdparty/bin/convert -size 0x0 xc:'white' -strip png:"/home3/cbt/tmp/horde/imgHGmNJf" 2>&1
sh: /usr/local/cpanel/3rdparty/bin/convert: No such file or directory [pid 309340 on line 657 of "/usr/local/cpanel/3rdparty/php/72/lib/php/Horde/Image/Im.php"]
2019-06-24T12:30:23-05:00 ERR: HORDE [imp] Error running command: /usr/local/cpanel/3rdparty/bin/convert -size 0x0 xc:'white' -strip png:"/home3/cbt/tmp/horde/imgdARQ0X" 2>&1
sh: /usr/local/cpanel/3rdparty/bin/convert: No such file or directory [pid 309374 on line 657 of "/usr/local/cpanel/3rdparty/php/72/lib/php/Horde/Image/Im.php"]
2019-06-24T12:30:24-05:00 ERR: HORDE [imp] Error running command: /usr/local/cpanel/3rdparty/bin/convert -size 0x0 xc:'white' -strip png:"/home3/cbt/tmp/horde/imgWCYSLY" 2>&1
sh: /usr/local/cpanel/3rdparty/bin/convert: No such file or directory [pid 309460 on line 657 of "/usr/local/cpanel/3rdparty/php/72/lib/php/Horde/Image/Im.php"]
2019-06-24T12:30:24-05:00 ERR: HORDE [imp] Error running command: /usr/local/cpanel/3rdparty/bin/convert  "/home3/cbt/tmp/horde/imgvJTKDz"'[0]'  -strip png:"/home3/cbt/tmp/horde/imghZ7K4m" 2>&1
sh: /usr/local/cpanel/3rdparty/bin/convert: No such file or directory [pid 309460 on line 208 of "/usr/local/cpanel/3rdparty/php/72/lib/php/Horde/Image/Im.php"]
2019-06-24T12:30:25-05:00 ERR: HORDE [imp] Error running command: /usr/local/cpanel/3rdparty/bin/convert -size 0x0 xc:'white' -strip png:"/home3/cbt/tmp/horde/imggc8x1k" 2>&1
sh: /usr/local/cpanel/3rdparty/bin/convert: No such file or directory [pid 309501 on line 657 of "/usr/local/cpanel/3rdparty/php/72/lib/php/Horde/Image/Im.php"]
2019-06-24T12:30:25-05:00 ERR: HORDE [imp] Error running command: /usr/local/cpanel/3rdparty/bin/convert  "/home3/cbt/tmp/horde/imgz0Kk8X"'[0]'  -strip png:"/home3/cbt/tmp/horde/imgC8aPGM" 2>&1
sh: /usr/local/cpanel/3rdparty/bin/convert: No such file or directory [pid 309501 on line 208 of "/usr/local/cpanel/3rdparty/php/72/lib/php/Horde/Image/Im.php"]
2019-06-25T12:23:46-05:00 ERR: HORDE [imp] Error running command: /usr/local/cpanel/3rdparty/bin/convert -size 0x0 xc:'white' -strip png:"/home3/cbt/tmp/horde/imgYyhIUS" 2>&1
sh: /usr/local/cpanel/3rdparty/bin/convert: No such file or directory [pid 172806 on line 657 of "/usr/local/cpanel/3rdparty/php/72/lib/php/Horde/Image/Im.php"]
2019-06-25T12:23:47-05:00 ERR: HORDE [imp] Error running command: /usr/local/cpanel/3rdparty/bin/convert -size 0x0 xc:'white' -strip png:"/home3/cbt/tmp/horde/imgM3Y7zy" 2>&1
sh: /usr/local/cpanel/3rdparty/bin/convert: No such file or directory [pid 172846 on line 657 of "/usr/local/cpanel/3rdparty/php/72/lib/php/Horde/Image/Im.php"]
2019-06-25T12:23:47-05:00 ERR: HORDE [imp] Error running command: /usr/local/cpanel/3rdparty/bin/convert -size 0x0 xc:'white' -strip png:"/home3/cbt/tmp/horde/imgMwIIlP" 2>&1
sh: /usr/local/cpanel/3rdparty/bin/convert: No such file or directory [pid 172866 on line 657 of "/usr/local/cpanel/3rdparty/php/72/lib/php/Horde/Image/Im.php"]
2019-06-25T12:23:47-05:00 ERR: HORDE [imp] Error running command: /usr/local/cpanel/3rdparty/bin/convert -size 300x300 "/home3/cbt/tmp/horde/img10JIce"'[0]' -thumbnail 150x150 -strip png:"/home3/cbt/tmp/horde/imgodickH" 2>&1
sh: /usr/local/cpanel/3rdparty/bin/convert: No such file or directory [pid 172866 on line 208 of "/usr/local/cpanel/3rdparty/php/72/lib/php/Horde/Image/Im.php"]
2019-06-25T12:23:48-05:00 ERR: HORDE [imp] Error running command: /usr/local/cpanel/3rdparty/bin/convert -size 0x0 xc:'white' -strip png:"/home3/cbt/tmp/horde/imgOJ6M7w" 2>&1
sh: /usr/local/cpanel/3rdparty/bin/convert: No such file or directory [pid 172927 on line 657 of "/usr/local/cpanel/3rdparty/php/72/lib/php/Horde/Image/Im.php"]
2019-06-25T12:23:48-05:00 ERR: HORDE [imp] Error running command: /usr/local/cpanel/3rdparty/bin/convert -size 300x300 "/home3/cbt/tmp/horde/imgmgrDf1"'[0]' -thumbnail 150x150 -strip png:"/home3/cbt/tmp/horde/imgO9irew" 2>&1
sh: /usr/local/cpanel/3rdparty/bin/convert: No such file or directory [pid 172927 on line 208 of "/usr/local/cpanel/3rdparty/php/72/lib/php/Horde/Image/Im.php"]
2019-06-25T12:24:47-05:00 ERR: HORDE [imp] Error running command: /usr/local/cpanel/3rdparty/bin/convert -size 0x0 xc:'white' -strip png:"/home3/cbt/tmp/horde/imgmnrIG0" 2>&1
sh: /usr/local/cpanel/3rdparty/bin/convert: No such file or directory [pid 176052 on line 657 of "/usr/local/cpanel/3rdparty/php/72/lib/php/Horde/Image/Im.php"]
2019-06-25T12:24:48-05:00 ERR: HORDE [imp] Error running command: /usr/local/cpanel/3rdparty/bin/convert -size 300x300 "/home3/cbt/tmp/horde/imgoo0jrJ"'[0]' -thumbnail 150x150 -strip png:"/home3/cbt/tmp/horde/imgMr5TMD" 2>&1
sh: /usr/local/cpanel/3rdparty/bin/convert: No such file or directory [pid 176052 on line 208 of "/usr/local/cpanel/3rdparty/php/72/lib/php/Horde/Image/Im.php"]
2020-01-07T09:37:16-06:00 ERR: HORDE [imp] Error running command: /usr/local/cpanel/3rdparty/bin/convert -size 0x0 xc:'white' -strip png:"/home3/cbt/tmp/horde/imgRSzudb" 2>&1
sh: /usr/local/cpanel/3rdparty/bin/convert: No such file or directory [pid 344874 on line 657 of "/usr/local/cpanel/3rdparty/php/72/lib/php/Horde/Image/Im.php"]
2020-01-07T09:37:16-06:00 ERR: HORDE [imp] Error running command: /usr/local/cpanel/3rdparty/bin/convert -size 0x0 xc:'white' -strip png:"/home3/cbt/tmp/horde/imgz4ApYf" 2>&1
sh: /usr/local/cpanel/3rdparty/bin/convert: No such file or directory [pid 344874 on line 657 of "/usr/local/cpanel/3rdparty/php/72/lib/php/Horde/Image/Im.php"]
2020-01-07T09:37:17-06:00 ERR: HORDE [imp] Error running command: /usr/local/cpanel/3rdparty/bin/convert -size 0x0 xc:'white' -strip png:"/home3/cbt/tmp/horde/imgFe3q2g" 2>&1
sh: /usr/local/cpanel/3rdparty/bin/convert: No such file or directory [pid 344950 on line 657 of "/usr/local/cpanel/3rdparty/php/72/lib/php/Horde/Image/Im.php"]
2020-01-07T09:37:17-06:00 ERR: HORDE [imp] Error running command: /usr/local/cpanel/3rdparty/bin/convert -size 300x300 "/home3/cbt/tmp/horde/imgYgSjRv"'[0]' -thumbnail 150x150 -strip png:"/home3/cbt/tmp/horde/imgU4xLgD" 2>&1
sh: /usr/local/cpanel/3rdparty/bin/convert: No such file or directory [pid 344950 on line 208 of "/usr/local/cpanel/3rdparty/php/72/lib/php/Horde/Image/Im.php"]
2020-01-07T09:37:17-06:00 ERR: HORDE [imp] Error running command: /usr/local/cpanel/3rdparty/bin/convert -size 0x0 xc:'white' -strip png:"/home3/cbt/tmp/horde/imgFn2cDh" 2>&1
sh: /usr/local/cpanel/3rdparty/bin/convert: No such file or directory [pid 344949 on line 657 of "/usr/local/cpanel/3rdparty/php/72/lib/php/Horde/Image/Im.php"]
2020-01-07T09:37:17-06:00 ERR: HORDE [imp] Error running command: /usr/local/cpanel/3rdparty/bin/convert -size 300x300 "/home3/cbt/tmp/horde/imgamqJvw"'[0]' -thumbnail 150x150 -strip png:"/home3/cbt/tmp/horde/imgwJDlXD" 2>&1
sh: /usr/local/cpanel/3rdparty/bin/convert: No such file or directory [pid 344949 on line 208 of "/usr/local/cpanel/3rdparty/php/72/lib/php/Horde/Image/Im.php"]
2020-05-03T02:23:27-05:00 ERR: HORDE [imp] Message size exceeds maximum permitted Message size exceeds maximum permitted [pid 858292 on line 1160 of "/usr/local/cpanel/base/horde/imp/lib/Compose.php"]
2020-05-03T02:24:19-05:00 EMERG: HORDE [imp] Allowed memory size of 268435456 bytes exhausted (tried to allocate 123673224 bytes) [pid 863088 on line 87 of "/usr/local/cpanel/3rdparty/php/72/lib/php/Horde/Stream/Filter/Eol.php"]
2020-05-03T02:30:42-05:00 ERR: HORDE [imp] Message size exceeds maximum permitted Message size exceeds maximum permitted [pid 884533 on line 1160 of "/usr/local/cpanel/base/horde/imp/lib/Compose.php"]
2020-05-03T02:36:25-05:00 ERR: HORDE [imp] Message size exceeds maximum permitted Message size exceeds maximum permitted [pid 899174 on line 1160 of "/usr/local/cpanel/base/horde/imp/lib/Compose.php"]
2020-05-04T22:41:25-07:00 ERR: HORDE [imp] Error running command: /usr/local/cpanel/3rdparty/bin/convert -size 0x0 xc:'white' -strip png:"/home3/cbt/tmp/horde/imgrkOz7u" 2>&1
sh: /usr/local/cpanel/3rdparty/bin/convert: No such file or directory [pid 889833 on line 657 of "/usr/local/cpanel/3rdparty/php/72/lib/php/Horde/Image/Im.php"]
2020-05-05T00:41:27-05:00 ERR: HORDE [imp] Error running command: /usr/local/cpanel/3rdparty/bin/convert -size 0x0 xc:'white' -strip png:"/home3/cbt/tmp/horde/imgoBjPw7" 2>&1
sh: /usr/local/cpanel/3rdparty/bin/convert: No such file or directory [pid 889939 on line 657 of "/usr/local/cpanel/3rdparty/php/72/lib/php/Horde/Image/Im.php"]
2020-05-05T00:41:27-05:00 ERR: HORDE [imp] Error running command: /usr/local/cpanel/3rdparty/bin/convert -size 300x300 "/home3/cbt/tmp/horde/imgIg7OUu"'[0]' -thumbnail 150x150 -strip png:"/home3/cbt/tmp/horde/imgb2zVBb" 2>&1
sh: /usr/local/cpanel/3rdparty/bin/convert: No such file or directory [pid 889939 on line 208 of "/usr/local/cpanel/3rdparty/php/72/lib/php/Horde/Image/Im.php"]
2020-05-04T22:54:07-07:00 ERR: HORDE [imp] Error running command: /usr/local/cpanel/3rdparty/bin/convert -size 0x0 xc:'white' -strip png:"/home3/cbt/tmp/horde/imgIBRbKj" 2>&1
sh: /usr/local/cpanel/3rdparty/bin/convert: No such file or directory [pid 923758 on line 657 of "/usr/local/cpanel/3rdparty/php/72/lib/php/Horde/Image/Im.php"]
2020-05-04T22:54:07-07:00 ERR: HORDE [imp] Error running command: /usr/local/cpanel/3rdparty/bin/convert -size 0x0 xc:'white' -strip png:"/home3/cbt/tmp/horde/imgDGN1ar" 2>&1
sh: /usr/local/cpanel/3rdparty/bin/convert: No such file or directory [pid 923765 on line 657 of "/usr/local/cpanel/3rdparty/php/72/lib/php/Horde/Image/Im.php"]
2020-05-05T00:54:08-05:00 ERR: HORDE [imp] Error running command: /usr/local/cpanel/3rdparty/bin/convert -size 0x0 xc:'white' -strip png:"/home3/cbt/tmp/horde/imgyuTbb0" 2>&1
sh: /usr/local/cpanel/3rdparty/bin/convert: No such file or directory [pid 923821 on line 657 of "/usr/local/cpanel/3rdparty/php/72/lib/php/Horde/Image/Im.php"]
2020-05-05T00:54:08-05:00 ERR: HORDE [imp] Error running command: /usr/local/cpanel/3rdparty/bin/convert -size 300x300 "/home3/cbt/tmp/horde/imgxcmlX0"'[0]' -thumbnail 150x150 -strip png:"/home3/cbt/tmp/horde/img0cdrlw" 2>&1
sh: /usr/local/cpanel/3rdparty/bin/convert: No such file or directory [pid 923821 on line 208 of "/usr/local/cpanel/3rdparty/php/72/lib/php/Horde/Image/Im.php"]
2020-05-05T00:54:08-05:00 ERR: HORDE [imp] Error running command: /usr/local/cpanel/3rdparty/bin/convert -size 0x0 xc:'white' -strip png:"/home3/cbt/tmp/horde/imgL0dDhs" 2>&1
sh: /usr/local/cpanel/3rdparty/bin/convert: No such file or directory [pid 923886 on line 657 of "/usr/local/cpanel/3rdparty/php/72/lib/php/Horde/Image/Im.php"]
2020-05-05T00:54:08-05:00 ERR: HORDE [imp] Error running command: /usr/local/cpanel/3rdparty/bin/convert -size 300x300 "/home3/cbt/tmp/horde/imgkl5U5u"'[0]' -thumbnail 150x150 -strip png:"/home3/cbt/tmp/horde/img91D5u1" 2>&1
sh: /usr/local/cpanel/3rdparty/bin/convert: No such file or directory [pid 923886 on line 208 of "/usr/local/cpanel/3rdparty/php/72/lib/php/Horde/Image/Im.php"]
2020-05-05T00:54:36-05:00 ERR: HORDE [imp] Error running command: /usr/local/cpanel/3rdparty/bin/convert -size 0x0 xc:'white' -strip png:"/home3/cbt/tmp/horde/imgdr35fy" 2>&1
sh: /usr/local/cpanel/3rdparty/bin/convert: No such file or directory [pid 925023 on line 657 of "/usr/local/cpanel/3rdparty/php/72/lib/php/Horde/Image/Im.php"]
2020-05-05T00:54:36-05:00 ERR: HORDE [imp] Error running command: /usr/local/cpanel/3rdparty/bin/convert -size 300x300 "/home3/cbt/tmp/horde/imgYevpvR"'[0]' -thumbnail 150x150 -strip png:"/home3/cbt/tmp/horde/imgd8P97v" 2>&1
sh: /usr/local/cpanel/3rdparty/bin/convert: No such file or directory [pid 925023 on line 208 of "/usr/local/cpanel/3rdparty/php/72/lib/php/Horde/Image/Im.php"]
2020-05-04T22:54:37-07:00 ERR: HORDE [imp] Error running command: /usr/local/cpanel/3rdparty/bin/convert -size 0x0 xc:'white' -strip png:"/home3/cbt/tmp/horde/imgDYKQvv" 2>&1
sh: /usr/local/cpanel/3rdparty/bin/convert: No such file or directory [pid 925041 on line 657 of "/usr/local/cpanel/3rdparty/php/72/lib/php/Horde/Image/Im.php"]
2020-05-05T00:54:38-05:00 ERR: HORDE [imp] Error running command: /usr/local/cpanel/3rdparty/bin/convert -size 0x0 xc:'white' -strip png:"/home3/cbt/tmp/horde/img6A6Y75" 2>&1
sh: /usr/local/cpanel/3rdparty/bin/convert: No such file or directory [pid 925063 on line 657 of "/usr/local/cpanel/3rdparty/php/72/lib/php/Horde/Image/Im.php"]
2020-05-05T00:54:38-05:00 ERR: HORDE [imp] Error running command: /usr/local/cpanel/3rdparty/bin/convert -size 300x300 "/home3/cbt/tmp/horde/imgviHP3w"'[0]' -thumbnail 150x150 -strip png:"/home3/cbt/tmp/horde/imgW0WMwf" 2>&1
sh: /usr/local/cpanel/3rdparty/bin/convert: No such file or directory [pid 925063 on line 208 of "/usr/local/cpanel/3rdparty/php/72/lib/php/Horde/Image/Im.php"]
2020-05-05T00:55:53-05:00 ERR: HORDE [imp] Error running command: /usr/local/cpanel/3rdparty/bin/convert -size 0x0 xc:'white' -strip png:"/home3/cbt/tmp/horde/img5XJcQQ" 2>&1
sh: /usr/local/cpanel/3rdparty/bin/convert: No such file or directory [pid 928309 on line 657 of "/usr/local/cpanel/3rdparty/php/72/lib/php/Horde/Image/Im.php"]
2020-05-05T00:55:53-05:00 ERR: HORDE [imp] Error running command: /usr/local/cpanel/3rdparty/bin/convert -size 300x300 "/home3/cbt/tmp/horde/imgkOMRwp"'[0]' -thumbnail 150x150 -strip png:"/home3/cbt/tmp/horde/imgKKSlSb" 2>&1
sh: /usr/local/cpanel/3rdparty/bin/convert: No such file or directory [pid 928309 on line 208 of "/usr/local/cpanel/3rdparty/php/72/lib/php/Horde/Image/Im.php"]
2020-05-04T22:55:54-07:00 ERR: HORDE [imp] Error running command: /usr/local/cpanel/3rdparty/bin/convert -size 0x0 xc:'white' -strip png:"/home3/cbt/tmp/horde/img91Fd8f" 2>&1
sh: /usr/local/cpanel/3rdparty/bin/convert: No such file or directory [pid 928316 on line 657 of "/usr/local/cpanel/3rdparty/php/72/lib/php/Horde/Image/Im.php"]
2020-05-05T00:55:54-05:00 ERR: HORDE [imp] Error running command: /usr/local/cpanel/3rdparty/bin/convert -size 0x0 xc:'white' -strip png:"/home3/cbt/tmp/horde/imgerhKM2" 2>&1
sh: /usr/local/cpanel/3rdparty/bin/convert: No such file or directory [pid 928390 on line 657 of "/usr/local/cpanel/3rdparty/php/72/lib/php/Horde/Image/Im.php"]
2020-05-05T00:55:54-05:00 ERR: HORDE [imp] Error running command: /usr/local/cpanel/3rdparty/bin/convert -size 300x300 "/home3/cbt/tmp/horde/imgW2m1UG"'[0]' -thumbnail 150x150 -strip png:"/home3/cbt/tmp/horde/imgnCRdZv" 2>&1
sh: /usr/local/cpanel/3rdparty/bin/convert: No such file or directory [pid 928390 on line 208 of "/usr/local/cpanel/3rdparty/php/72/lib/php/Horde/Image/Im.php"]
2020-05-05T00:56:03-05:00 ERR: HORDE [imp] Error running command: /usr/local/cpanel/3rdparty/bin/convert -size 0x0 xc:'white' -strip png:"/home3/cbt/tmp/horde/imgOLWdcf" 2>&1
sh: /usr/local/cpanel/3rdparty/bin/convert: No such file or directory [pid 929052 on line 657 of "/usr/local/cpanel/3rdparty/php/72/lib/php/Horde/Image/Im.php"]
2020-05-05T00:56:03-05:00 ERR: HORDE [imp] Error running command: /usr/local/cpanel/3rdparty/bin/convert -size 300x300 "/home3/cbt/tmp/horde/imgYUbZTB"'[0]' -thumbnail 150x150 -strip png:"/home3/cbt/tmp/horde/img3feTfN" 2>&1
sh: /usr/local/cpanel/3rdparty/bin/convert: No such file or directory [pid 929052 on line 208 of "/usr/local/cpanel/3rdparty/php/72/lib/php/Horde/Image/Im.php"]
2020-05-04T22:56:07-07:00 ERR: HORDE [imp] Error running command: /usr/local/cpanel/3rdparty/bin/convert -size 0x0 xc:'white' -strip png:"/home3/cbt/tmp/horde/img6nv7VP" 2>&1
sh: /usr/local/cpanel/3rdparty/bin/convert: No such file or directory [pid 929179 on line 657 of "/usr/local/cpanel/3rdparty/php/72/lib/php/Horde/Image/Im.php"]
2020-05-05T00:56:07-05:00 ERR: HORDE [imp] Error running command: /usr/local/cpanel/3rdparty/bin/convert -size 0x0 xc:'white' -strip png:"/home3/cbt/tmp/horde/imgx7rSeC" 2>&1
sh: /usr/local/cpanel/3rdparty/bin/convert: No such file or directory [pid 929253 on line 657 of "/usr/local/cpanel/3rdparty/php/72/lib/php/Horde/Image/Im.php"]
2020-05-05T00:56:07-05:00 ERR: HORDE [imp] Error running command: /usr/local/cpanel/3rdparty/bin/convert -size 300x300 "/home3/cbt/tmp/horde/img4fTX2j"'[0]' -thumbnail 150x150 -strip png:"/home3/cbt/tmp/horde/imgV4x1WF" 2>&1
sh: /usr/local/cpanel/3rdparty/bin/convert: No such file or directory [pid 929253 on line 208 of "/usr/local/cpanel/3rdparty/php/72/lib/php/Horde/Image/Im.php"]
2021-01-26T22:39:12-06:00 ERR: HORDE [imp] Error running command: /usr/local/cpanel/3rdparty/bin/convert -size 0x0 xc:'white' -strip 'png':"/home3/cbt/tmp/horde/imgKVwCny" 2>&1
sh: /usr/local/cpanel/3rdparty/bin/convert: No such file or directory [pid 66673 on line 683 of "/usr/local/cpanel/3rdparty/php/73/lib/php/Horde/Image/Im.php"]
2021-01-26T22:39:13-06:00 ERR: HORDE [imp] Error running command: /usr/local/cpanel/3rdparty/bin/convert -size 0x0 xc:'white' -strip 'png':"/home3/cbt/tmp/horde/imgVM7qaA" 2>&1
sh: /usr/local/cpanel/3rdparty/bin/convert: No such file or directory [pid 66715 on line 683 of "/usr/local/cpanel/3rdparty/php/73/lib/php/Horde/Image/Im.php"]
2021-01-26T22:39:13-06:00 ERR: HORDE [imp] Error running command: /usr/local/cpanel/3rdparty/bin/convert -size 300x300 "/home3/cbt/tmp/horde/imgigY6kt"'[0]' -thumbnail 150x150 -strip 'png':"/home3/cbt/tmp/horde/imgd3V6Vp" 2>&1
sh: /usr/local/cpanel/3rdparty/bin/convert: No such file or directory [pid 66715 on line 208 of "/usr/local/cpanel/3rdparty/php/73/lib/php/Horde/Image/Im.php"]
2021-01-26T22:44:35-06:00 EMERG: HORDE [imp] Error: Call to a member function write() on null in /usr/local/cpanel/3rdparty/php/73/lib/php/Horde/Imap/Client/Socket.php:4447
Stack trace:
#0 /usr/local/cpanel/3rdparty/php/73/lib/php/Horde/Imap/Client/Socket.php(4301): Horde_Imap_Client_Socket->_processCmd(Object(Horde_Imap_Client_Interaction_Pipeline), Object(Horde_Imap_Client_Interaction_Command), Object(Horde_Imap_Client_Interaction_Command))
#1 /usr/local/cpanel/3rdparty/php/73/lib/php/Horde/Imap/Client/Socket.php(4248): Horde_Imap_Client_Socket->_sendCmdChunk(Object(Horde_Imap_Client_Interaction_Pipeline), Array)
#2 /usr/local/cpanel/3rdparty/php/73/lib/php/Horde/Imap/Client/Socket.php(2482): Horde_Imap_Client_Socket->_sendCmd(Object(Horde_Imap_Client_Interaction_Pipeline))
#3 /usr/local/cpanel/3rdparty/php/73/lib/php/Horde/Imap/Client/Socket.php(2506): Horde_Imap_Client_Socket->_search(Object(Horde_Imap_Client_Search_Query), Array)
#4 /usr/local/cpanel/3rdparty/php/73/lib/php/Horde/Imap/Client/Base.php(2270): Horde_Imap_Client_Socket->_search(Object(Horde_Imap_Client_Search_Query), Array)
#5 /usr/local/cpanel/base/horde/imp/lib/Imap.php(718): Horde_Imap_Client_Base->search(Object(Horde_Imap_Client_Mailbox), Object(Horde_Imap_Client_Search_Query), Array)
#6 /usr/local/cpanel/base/horde/imp/lib/Mailbox/List.php(414): IMP_Imap->__call('search', Array)
#7 /usr/local/cpanel/base/horde/imp/lib/Mailbox/List.php(895): IMP_Mailbox_List->_buildMailbox()
#8 /usr/local/cpanel/base/horde/imp/lib/Ajax/Application/ListMessages.php(260): IMP_Mailbox_List->count()
#9 /usr/local/cpanel/base/horde/imp/lib/Ajax/Application.php(262): IMP_Ajax_Application_ListMessages->listMessages(Array)
#10 /usr/local/cpanel/base/horde/imp/lib/Ajax/Application/Handler/Common.php(108): IMP_Ajax_Application->viewPortData(false)
#11 /usr/local/cpanel/3rdparty/php/73/lib/php/Horde/Core/Ajax/Application.php(175): IMP_Ajax_Application_Handler_Common->viewPort()
#12 /usr/local/cpanel/base/horde/services/ajax.php(61): Horde_Core_Ajax_Application->doAction()
#13 {main} [pid 83515 on line 74 of "/usr/local/cpanel/3rdparty/php/73/lib/php/Horde/ErrorHandler.php"]
